{"/home/djh592/dev/se/nexio-frontend/src/theme.ts": {"path":"/home/djh592/dev/se/nexio-frontend/src/theme.ts","statementMap":{"0":{"start":{"line":15,"column":0},"end":{"line":15,"column":15}},"1":{"start":{"line":2,"column":28},"end":{"line":2,"column":null}},"2":{"start":{"line":4,"column":14},"end":{"line":13,"column":null}},"3":{"start":{"line":15,"column":15},"end":{"line":15,"column":null}}},"fnMap":{},"branchMap":{},"s":{"0":0,"1":0,"2":0,"3":0},"f":{},"b":{}}
,"/home/djh592/dev/se/nexio-frontend/src/app/StoreProvider.tsx": {"path":"/home/djh592/dev/se/nexio-frontend/src/app/StoreProvider.tsx","statementMap":{"0":{"start":{"line":6,"column":24},"end":{"line":6,"column":38}},"1":{"start":{"line":2,"column":23},"end":{"line":2,"column":null}},"2":{"start":{"line":3,"column":25},"end":{"line":3,"column":null}},"3":{"start":{"line":4,"column":36},"end":{"line":4,"column":null}},"4":{"start":{"line":11,"column":21},"end":{"line":11,"column":null}},"5":{"start":{"line":12,"column":4},"end":{"line":14,"column":null}},"6":{"start":{"line":13,"column":8},"end":{"line":13,"column":null}}},"fnMap":{"0":{"name":"StoreProvider","decl":{"start":{"line":6,"column":24},"end":{"line":6,"column":38}},"loc":{"start":{"line":10,"column":1},"end":{"line":17,"column":null}}}},"branchMap":{"0":{"loc":{"start":{"line":12,"column":4},"end":{"line":14,"column":null}},"type":"if","locations":[{"start":{"line":12,"column":4},"end":{"line":14,"column":null}}]}},"s":{"0":0,"1":0,"2":0,"3":0,"4":0,"5":0,"6":0},"f":{"0":0},"b":{"0":[0]}}
,"/home/djh592/dev/se/nexio-frontend/src/app/layout.tsx": {"path":"/home/djh592/dev/se/nexio-frontend/src/app/layout.tsx","statementMap":{"0":{"start":{"line":21,"column":24},"end":{"line":21,"column":35}},"1":{"start":{"line":16,"column":13},"end":{"line":16,"column":21}},"2":{"start":{"line":2,"column":39},"end":{"line":2,"column":null}},"3":{"start":{"line":3,"column":23},"end":{"line":3,"column":null}},"4":{"start":{"line":4,"column":30},"end":{"line":4,"column":null}},"5":{"start":{"line":5,"column":24},"end":{"line":5,"column":null}},"6":{"start":{"line":6,"column":18},"end":{"line":6,"column":null}},"7":{"start":{"line":7,"column":26},"end":{"line":7,"column":null}},"8":{"start":{"line":9,"column":15},"end":{"line":14,"column":null}},"9":{"start":{"line":16,"column":34},"end":{"line":19,"column":null}}},"fnMap":{"0":{"name":"RootLayout","decl":{"start":{"line":21,"column":24},"end":{"line":21,"column":35}},"loc":{"start":{"line":25,"column":2},"end":{"line":40,"column":1}}}},"branchMap":{},"s":{"0":0,"1":0,"2":0,"3":0,"4":0,"5":0,"6":0,"7":0,"8":0,"9":0},"f":{"0":0},"b":{}}
,"/home/djh592/dev/se/nexio-frontend/src/app/page.tsx": {"path":"/home/djh592/dev/se/nexio-frontend/src/app/page.tsx","statementMap":{"0":{"start":{"line":7,"column":24},"end":{"line":7,"column":null}},"1":{"start":{"line":1,"column":18},"end":{"line":1,"column":null}},"2":{"start":{"line":2,"column":43},"end":{"line":2,"column":null}},"3":{"start":{"line":3,"column":18},"end":{"line":3,"column":null}},"4":{"start":{"line":4,"column":23},"end":{"line":4,"column":null}},"5":{"start":{"line":5,"column":27},"end":{"line":5,"column":null}}},"fnMap":{"0":{"name":"HomePage","decl":{"start":{"line":7,"column":24},"end":{"line":7,"column":null}},"loc":{"start":{"line":7,"column":24},"end":{"line":36,"column":null}}}},"branchMap":{},"s":{"0":0,"1":0,"2":0,"3":0,"4":0,"5":0},"f":{"0":0},"b":{}}
,"/home/djh592/dev/se/nexio-frontend/src/app/(auth)/layout.tsx": {"path":"/home/djh592/dev/se/nexio-frontend/src/app/(auth)/layout.tsx","statementMap":{"0":{"start":{"line":4,"column":24},"end":{"line":4,"column":35}},"1":{"start":{"line":1,"column":20},"end":{"line":1,"column":null}},"2":{"start":{"line":2,"column":23},"end":{"line":2,"column":null}}},"fnMap":{"0":{"name":"AuthLayout","decl":{"start":{"line":4,"column":24},"end":{"line":4,"column":35}},"loc":{"start":{"line":4,"column":78},"end":{"line":23,"column":null}}}},"branchMap":{},"s":{"0":0,"1":0,"2":0},"f":{"0":0},"b":{}}
,"/home/djh592/dev/se/nexio-frontend/src/app/(auth)/signin/page.tsx": {"path":"/home/djh592/dev/se/nexio-frontend/src/app/(auth)/signin/page.tsx","statementMap":{"0":{"start":{"line":5,"column":24},"end":{"line":5,"column":null}},"1":{"start":{"line":1,"column":34},"end":{"line":1,"column":null}},"2":{"start":{"line":2,"column":23},"end":{"line":2,"column":null}},"3":{"start":{"line":3,"column":17},"end":{"line":3,"column":null}}},"fnMap":{"0":{"name":"SigninPage","decl":{"start":{"line":5,"column":24},"end":{"line":5,"column":null}},"loc":{"start":{"line":5,"column":24},"end":{"line":38,"column":null}}}},"branchMap":{},"s":{"0":0,"1":0,"2":0,"3":0},"f":{"0":0},"b":{}}
,"/home/djh592/dev/se/nexio-frontend/src/app/(auth)/signup/page.tsx": {"path":"/home/djh592/dev/se/nexio-frontend/src/app/(auth)/signup/page.tsx","statementMap":{"0":{"start":{"line":5,"column":24},"end":{"line":5,"column":null}},"1":{"start":{"line":1,"column":34},"end":{"line":1,"column":null}},"2":{"start":{"line":2,"column":23},"end":{"line":2,"column":null}},"3":{"start":{"line":3,"column":17},"end":{"line":3,"column":null}}},"fnMap":{"0":{"name":"SignupPage","decl":{"start":{"line":5,"column":24},"end":{"line":5,"column":null}},"loc":{"start":{"line":5,"column":24},"end":{"line":38,"column":null}}}},"branchMap":{},"s":{"0":0,"1":0,"2":0,"3":0},"f":{"0":0},"b":{}}
,"/home/djh592/dev/se/nexio-frontend/src/app/chat/layout.tsx": {"path":"/home/djh592/dev/se/nexio-frontend/src/app/chat/layout.tsx","statementMap":{"0":{"start":{"line":4,"column":24},"end":{"line":4,"column":35}},"1":{"start":{"line":1,"column":20},"end":{"line":1,"column":null}},"2":{"start":{"line":2,"column":23},"end":{"line":2,"column":null}}},"fnMap":{"0":{"name":"ChatLayout","decl":{"start":{"line":4,"column":24},"end":{"line":4,"column":35}},"loc":{"start":{"line":4,"column":78},"end":{"line":18,"column":null}}}},"branchMap":{},"s":{"0":0,"1":0,"2":0},"f":{"0":0},"b":{}}
,"/home/djh592/dev/se/nexio-frontend/src/app/chat/page.tsx": {"path":"/home/djh592/dev/se/nexio-frontend/src/app/chat/page.tsx","statementMap":{"0":{"start":{"line":3,"column":24},"end":{"line":3,"column":null}},"1":{"start":{"line":1,"column":20},"end":{"line":1,"column":null}}},"fnMap":{"0":{"name":"ChatPage","decl":{"start":{"line":3,"column":24},"end":{"line":3,"column":null}},"loc":{"start":{"line":3,"column":24},"end":{"line":14,"column":null}}}},"branchMap":{},"s":{"0":0,"1":0},"f":{"0":0},"b":{}}
,"/home/djh592/dev/se/nexio-frontend/src/components/LetsChatButton.tsx": {"path":"/home/djh592/dev/se/nexio-frontend/src/components/LetsChatButton.tsx","statementMap":{"0":{"start":{"line":8,"column":24},"end":{"line":8,"column":null}},"1":{"start":{"line":2,"column":18},"end":{"line":2,"column":null}},"2":{"start":{"line":3,"column":33},"end":{"line":3,"column":null}},"3":{"start":{"line":4,"column":26},"end":{"line":4,"column":null}},"4":{"start":{"line":5,"column":31},"end":{"line":5,"column":null}},"5":{"start":{"line":6,"column":29},"end":{"line":6,"column":null}},"6":{"start":{"line":9,"column":19},"end":{"line":9,"column":null}},"7":{"start":{"line":10,"column":17},"end":{"line":10,"column":null}},"8":{"start":{"line":10,"column":43},"end":{"line":10,"column":58}},"9":{"start":{"line":11,"column":18},"end":{"line":11,"column":null}},"10":{"start":{"line":13,"column":24},"end":{"line":19,"column":null}},"11":{"start":{"line":14,"column":8},"end":{"line":18,"column":null}},"12":{"start":{"line":15,"column":12},"end":{"line":15,"column":null}},"13":{"start":{"line":17,"column":12},"end":{"line":17,"column":null}}},"fnMap":{"0":{"name":"LetsChatButton","decl":{"start":{"line":8,"column":24},"end":{"line":8,"column":null}},"loc":{"start":{"line":8,"column":24},"end":{"line":45,"column":null}}},"1":{"name":"(anonymous_3)","decl":{"start":{"line":10,"column":32},"end":{"line":10,"column":33}},"loc":{"start":{"line":10,"column":43},"end":{"line":10,"column":58}}},"2":{"name":"(anonymous_4)","decl":{"start":{"line":13,"column":24},"end":{"line":13,"column":null}},"loc":{"start":{"line":13,"column":24},"end":{"line":19,"column":null}}}},"branchMap":{"0":{"loc":{"start":{"line":14,"column":8},"end":{"line":18,"column":null}},"type":"if","locations":[{"start":{"line":14,"column":8},"end":{"line":18,"column":null}},{"start":{"line":16,"column":15},"end":{"line":18,"column":null}}]},"1":{"loc":{"start":{"line":14,"column":12},"end":{"line":14,"column":27}},"type":"binary-expr","locations":[{"start":{"line":14,"column":12},"end":{"line":14,"column":20}},{"start":{"line":14,"column":20},"end":{"line":14,"column":27}}]}},"s":{"0":0,"1":0,"2":0,"3":0,"4":0,"5":0,"6":0,"7":0,"8":0,"9":0,"10":0,"11":0,"12":0,"13":0},"f":{"0":0,"1":0,"2":0},"b":{"0":[0,0],"1":[0,0]}}
,"/home/djh592/dev/se/nexio-frontend/src/components/auth/AuthAppBar.tsx": {"path":"/home/djh592/dev/se/nexio-frontend/src/components/auth/AuthAppBar.tsx","statementMap":{"0":{"start":{"line":5,"column":24},"end":{"line":5,"column":null}},"1":{"start":{"line":1,"column":45},"end":{"line":1,"column":null}},"2":{"start":{"line":2,"column":17},"end":{"line":2,"column":null}},"3":{"start":{"line":3,"column":18},"end":{"line":3,"column":null}}},"fnMap":{"0":{"name":"AuthAppBar","decl":{"start":{"line":5,"column":24},"end":{"line":5,"column":null}},"loc":{"start":{"line":5,"column":24},"end":{"line":29,"column":null}}}},"branchMap":{},"s":{"0":0,"1":0,"2":0,"3":0},"f":{"0":0},"b":{}}
,"/home/djh592/dev/se/nexio-frontend/src/components/auth/SigninForm.tsx": {"path":"/home/djh592/dev/se/nexio-frontend/src/components/auth/SigninForm.tsx","statementMap":{"0":{"start":{"line":8,"column":24},"end":{"line":8,"column":null}},"1":{"start":{"line":2,"column":43},"end":{"line":2,"column":null}},"2":{"start":{"line":3,"column":112},"end":{"line":3,"column":null}},"3":{"start":{"line":4,"column":26},"end":{"line":4,"column":null}},"4":{"start":{"line":5,"column":31},"end":{"line":5,"column":null}},"5":{"start":{"line":6,"column":45},"end":{"line":6,"column":null}},"6":{"start":{"line":9,"column":18},"end":{"line":9,"column":null}},"7":{"start":{"line":10,"column":21},"end":{"line":10,"column":null}},"8":{"start":{"line":11,"column":19},"end":{"line":11,"column":null}},"9":{"start":{"line":13,"column":40},"end":{"line":16,"column":null}},"10":{"start":{"line":18,"column":34},"end":{"line":21,"column":null}},"11":{"start":{"line":23,"column":25},"end":{"line":25,"column":null}},"12":{"start":{"line":23,"column":60},"end":{"line":25,"column":null}},"13":{"start":{"line":24,"column":8},"end":{"line":24,"column":null}},"14":{"start":{"line":27,"column":44},"end":{"line":30,"column":null}},"15":{"start":{"line":32,"column":4},"end":{"line":38,"column":null}},"16":{"start":{"line":33,"column":8},"end":{"line":37,"column":null}},"17":{"start":{"line":34,"column":12},"end":{"line":36,"column":null}},"18":{"start":{"line":35,"column":16},"end":{"line":35,"column":null}},"19":{"start":{"line":40,"column":40},"end":{"line":43,"column":null}},"20":{"start":{"line":45,"column":4},"end":{"line":51,"column":null}},"21":{"start":{"line":46,"column":8},"end":{"line":50,"column":null}},"22":{"start":{"line":47,"column":12},"end":{"line":49,"column":null}},"23":{"start":{"line":48,"column":16},"end":{"line":48,"column":null}},"24":{"start":{"line":53,"column":23},"end":{"line":76,"column":null}},"25":{"start":{"line":54,"column":8},"end":{"line":75,"column":null}},"26":{"start":{"line":61,"column":27},"end":{"line":61,"column":null}},"27":{"start":{"line":63,"column":16},"end":{"line":71,"column":null}},"28":{"start":{"line":64,"column":20},"end":{"line":64,"column":null}},"29":{"start":{"line":65,"column":20},"end":{"line":65,"column":null}},"30":{"start":{"line":66,"column":20},"end":{"line":66,"column":null}},"31":{"start":{"line":67,"column":20},"end":{"line":67,"column":null}},"32":{"start":{"line":70,"column":20},"end":{"line":70,"column":null}},"33":{"start":{"line":74,"column":16},"end":{"line":74,"column":null}},"34":{"start":{"line":113,"column":44},"end":{"line":113,"column":null}},"35":{"start":{"line":114,"column":44},"end":{"line":114,"column":null}},"36":{"start":{"line":115,"column":36},"end":{"line":115,"column":null}},"37":{"start":{"line":116,"column":20},"end":{"line":119,"column":null}},"38":{"start":{"line":120,"column":20},"end":{"line":122,"column":null}},"39":{"start":{"line":121,"column":24},"end":{"line":121,"column":null}}},"fnMap":{"0":{"name":"SigninForm","decl":{"start":{"line":8,"column":24},"end":{"line":8,"column":null}},"loc":{"start":{"line":8,"column":24},"end":{"line":131,"column":null}}},"1":{"name":"(anonymous_5)","decl":{"start":{"line":23,"column":25},"end":{"line":23,"column":26}},"loc":{"start":{"line":23,"column":60},"end":{"line":25,"column":null}}},"2":{"name":"(anonymous_6)","decl":{"start":{"line":23,"column":60},"end":{"line":23,"column":61}},"loc":{"start":{"line":23,"column":61},"end":{"line":25,"column":null}}},"3":{"name":"(anonymous_7)","decl":{"start":{"line":32,"column":14},"end":{"line":32,"column":null}},"loc":{"start":{"line":32,"column":14},"end":{"line":38,"column":7}}},"4":{"name":"(anonymous_8)","decl":{"start":{"line":34,"column":23},"end":{"line":34,"column":null}},"loc":{"start":{"line":34,"column":23},"end":{"line":36,"column":15}}},"5":{"name":"(anonymous_9)","decl":{"start":{"line":45,"column":14},"end":{"line":45,"column":null}},"loc":{"start":{"line":45,"column":14},"end":{"line":51,"column":7}}},"6":{"name":"(anonymous_10)","decl":{"start":{"line":47,"column":23},"end":{"line":47,"column":null}},"loc":{"start":{"line":47,"column":23},"end":{"line":49,"column":15}}},"7":{"name":"(anonymous_11)","decl":{"start":{"line":53,"column":23},"end":{"line":53,"column":null}},"loc":{"start":{"line":53,"column":23},"end":{"line":76,"column":null}}},"8":{"name":"(anonymous_12)","decl":{"start":{"line":61,"column":18},"end":{"line":61,"column":19}},"loc":{"start":{"line":61,"column":27},"end":{"line":61,"column":null}}},"9":{"name":"(anonymous_13)","decl":{"start":{"line":62,"column":18},"end":{"line":62,"column":19}},"loc":{"start":{"line":62,"column":19},"end":{"line":72,"column":null}}},"10":{"name":"(anonymous_14)","decl":{"start":{"line":73,"column":19},"end":{"line":73,"column":20}},"loc":{"start":{"line":73,"column":20},"end":{"line":75,"column":null}}},"11":{"name":"(anonymous_15)","decl":{"start":{"line":112,"column":25},"end":{"line":112,"column":null}},"loc":{"start":{"line":112,"column":25},"end":{"line":123,"column":null}}}},"branchMap":{"0":{"loc":{"start":{"line":33,"column":8},"end":{"line":37,"column":null}},"type":"if","locations":[{"start":{"line":33,"column":8},"end":{"line":37,"column":null}}]},"1":{"loc":{"start":{"line":46,"column":8},"end":{"line":50,"column":null}},"type":"if","locations":[{"start":{"line":46,"column":8},"end":{"line":50,"column":null}}]},"2":{"loc":{"start":{"line":63,"column":16},"end":{"line":71,"column":null}},"type":"if","locations":[{"start":{"line":63,"column":16},"end":{"line":71,"column":null}},{"start":{"line":69,"column":21},"end":{"line":71,"column":null}}]},"3":{"loc":{"start":{"line":86,"column":28},"end":{"line":86,"column":null}},"type":"binary-expr","locations":[{"start":{"line":86,"column":28},"end":{"line":86,"column":44}},{"start":{"line":86,"column":48},"end":{"line":86,"column":null}}]},"4":{"loc":{"start":{"line":98,"column":33},"end":{"line":98,"column":null}},"type":"binary-expr","locations":[{"start":{"line":98,"column":33},"end":{"line":98,"column":49}},{"start":{"line":98,"column":53},"end":{"line":98,"column":null}}]},"5":{"loc":{"start":{"line":115,"column":36},"end":{"line":115,"column":null}},"type":"binary-expr","locations":[{"start":{"line":115,"column":36},"end":{"line":115,"column":56}},{"start":{"line":115,"column":56},"end":{"line":115,"column":null}}]},"6":{"loc":{"start":{"line":120,"column":20},"end":{"line":122,"column":null}},"type":"if","locations":[{"start":{"line":120,"column":20},"end":{"line":122,"column":null}}]},"7":{"loc":{"start":{"line":127,"column":13},"end":{"line":127,"column":30}},"type":"binary-expr","locations":[{"start":{"line":127,"column":13},"end":{"line":127,"column":30}}]},"8":{"loc":{"start":{"line":128,"column":13},"end":{"line":128,"column":28}},"type":"binary-expr","locations":[{"start":{"line":128,"column":13},"end":{"line":128,"column":28}}]}},"s":{"0":0,"1":0,"2":0,"3":0,"4":0,"5":0,"6":0,"7":0,"8":0,"9":0,"10":0,"11":0,"12":0,"13":0,"14":0,"15":0,"16":0,"17":0,"18":0,"19":0,"20":0,"21":0,"22":0,"23":0,"24":0,"25":0,"26":0,"27":0,"28":0,"29":0,"30":0,"31":0,"32":0,"33":0,"34":0,"35":0,"36":0,"37":0,"38":0,"39":0},"f":{"0":0,"1":0,"2":0,"3":0,"4":0,"5":0,"6":0,"7":0,"8":0,"9":0,"10":0,"11":0},"b":{"0":[0],"1":[0],"2":[0,0],"3":[0,0],"4":[0,0],"5":[0,0],"6":[0],"7":[0],"8":[0]}}
,"/home/djh592/dev/se/nexio-frontend/src/components/auth/SignupForm.tsx": {"path":"/home/djh592/dev/se/nexio-frontend/src/components/auth/SignupForm.tsx","statementMap":{"0":{"start":{"line":8,"column":24},"end":{"line":8,"column":null}},"1":{"start":{"line":2,"column":43},"end":{"line":2,"column":null}},"2":{"start":{"line":3,"column":112},"end":{"line":3,"column":null}},"3":{"start":{"line":4,"column":26},"end":{"line":4,"column":null}},"4":{"start":{"line":5,"column":31},"end":{"line":5,"column":null}},"5":{"start":{"line":6,"column":73},"end":{"line":6,"column":null}},"6":{"start":{"line":9,"column":18},"end":{"line":9,"column":null}},"7":{"start":{"line":10,"column":21},"end":{"line":10,"column":null}},"8":{"start":{"line":11,"column":19},"end":{"line":11,"column":null}},"9":{"start":{"line":13,"column":40},"end":{"line":18,"column":null}},"10":{"start":{"line":20,"column":34},"end":{"line":25,"column":null}},"11":{"start":{"line":27,"column":25},"end":{"line":29,"column":null}},"12":{"start":{"line":27,"column":60},"end":{"line":29,"column":null}},"13":{"start":{"line":28,"column":8},"end":{"line":28,"column":null}},"14":{"start":{"line":31,"column":44},"end":{"line":34,"column":null}},"15":{"start":{"line":36,"column":4},"end":{"line":42,"column":null}},"16":{"start":{"line":37,"column":8},"end":{"line":41,"column":null}},"17":{"start":{"line":38,"column":12},"end":{"line":40,"column":null}},"18":{"start":{"line":39,"column":16},"end":{"line":39,"column":null}},"19":{"start":{"line":44,"column":40},"end":{"line":47,"column":null}},"20":{"start":{"line":49,"column":4},"end":{"line":55,"column":null}},"21":{"start":{"line":50,"column":8},"end":{"line":54,"column":null}},"22":{"start":{"line":51,"column":12},"end":{"line":53,"column":null}},"23":{"start":{"line":52,"column":16},"end":{"line":52,"column":null}},"24":{"start":{"line":57,"column":23},"end":{"line":82,"column":null}},"25":{"start":{"line":58,"column":8},"end":{"line":81,"column":null}},"26":{"start":{"line":65,"column":27},"end":{"line":65,"column":null}},"27":{"start":{"line":67,"column":16},"end":{"line":77,"column":null}},"28":{"start":{"line":68,"column":20},"end":{"line":68,"column":null}},"29":{"start":{"line":69,"column":20},"end":{"line":69,"column":null}},"30":{"start":{"line":70,"column":20},"end":{"line":70,"column":null}},"31":{"start":{"line":71,"column":20},"end":{"line":71,"column":null}},"32":{"start":{"line":72,"column":20},"end":{"line":72,"column":null}},"33":{"start":{"line":73,"column":20},"end":{"line":73,"column":null}},"34":{"start":{"line":76,"column":20},"end":{"line":76,"column":null}},"35":{"start":{"line":80,"column":16},"end":{"line":80,"column":null}},"36":{"start":{"line":133,"column":44},"end":{"line":133,"column":null}},"37":{"start":{"line":134,"column":44},"end":{"line":134,"column":null}},"38":{"start":{"line":135,"column":41},"end":{"line":135,"column":null}},"39":{"start":{"line":136,"column":41},"end":{"line":136,"column":null}},"40":{"start":{"line":137,"column":36},"end":{"line":137,"column":null}},"41":{"start":{"line":138,"column":20},"end":{"line":143,"column":null}},"42":{"start":{"line":144,"column":20},"end":{"line":146,"column":null}},"43":{"start":{"line":145,"column":24},"end":{"line":145,"column":null}}},"fnMap":{"0":{"name":"SignupForm","decl":{"start":{"line":8,"column":24},"end":{"line":8,"column":null}},"loc":{"start":{"line":8,"column":24},"end":{"line":155,"column":null}}},"1":{"name":"(anonymous_5)","decl":{"start":{"line":27,"column":25},"end":{"line":27,"column":26}},"loc":{"start":{"line":27,"column":60},"end":{"line":29,"column":null}}},"2":{"name":"(anonymous_6)","decl":{"start":{"line":27,"column":60},"end":{"line":27,"column":61}},"loc":{"start":{"line":27,"column":61},"end":{"line":29,"column":null}}},"3":{"name":"(anonymous_7)","decl":{"start":{"line":36,"column":14},"end":{"line":36,"column":null}},"loc":{"start":{"line":36,"column":14},"end":{"line":42,"column":7}}},"4":{"name":"(anonymous_8)","decl":{"start":{"line":38,"column":23},"end":{"line":38,"column":null}},"loc":{"start":{"line":38,"column":23},"end":{"line":40,"column":15}}},"5":{"name":"(anonymous_9)","decl":{"start":{"line":49,"column":14},"end":{"line":49,"column":null}},"loc":{"start":{"line":49,"column":14},"end":{"line":55,"column":7}}},"6":{"name":"(anonymous_10)","decl":{"start":{"line":51,"column":23},"end":{"line":51,"column":null}},"loc":{"start":{"line":51,"column":23},"end":{"line":53,"column":15}}},"7":{"name":"(anonymous_11)","decl":{"start":{"line":57,"column":23},"end":{"line":57,"column":null}},"loc":{"start":{"line":57,"column":23},"end":{"line":82,"column":null}}},"8":{"name":"(anonymous_12)","decl":{"start":{"line":65,"column":18},"end":{"line":65,"column":19}},"loc":{"start":{"line":65,"column":27},"end":{"line":65,"column":null}}},"9":{"name":"(anonymous_13)","decl":{"start":{"line":66,"column":18},"end":{"line":66,"column":19}},"loc":{"start":{"line":66,"column":19},"end":{"line":78,"column":null}}},"10":{"name":"(anonymous_14)","decl":{"start":{"line":79,"column":19},"end":{"line":79,"column":20}},"loc":{"start":{"line":79,"column":20},"end":{"line":81,"column":null}}},"11":{"name":"(anonymous_15)","decl":{"start":{"line":132,"column":25},"end":{"line":132,"column":null}},"loc":{"start":{"line":132,"column":25},"end":{"line":147,"column":null}}}},"branchMap":{"0":{"loc":{"start":{"line":37,"column":8},"end":{"line":41,"column":null}},"type":"if","locations":[{"start":{"line":37,"column":8},"end":{"line":41,"column":null}}]},"1":{"loc":{"start":{"line":50,"column":8},"end":{"line":54,"column":null}},"type":"if","locations":[{"start":{"line":50,"column":8},"end":{"line":54,"column":null}}]},"2":{"loc":{"start":{"line":67,"column":16},"end":{"line":77,"column":null}},"type":"if","locations":[{"start":{"line":67,"column":16},"end":{"line":77,"column":null}},{"start":{"line":75,"column":21},"end":{"line":77,"column":null}}]},"3":{"loc":{"start":{"line":92,"column":28},"end":{"line":92,"column":null}},"type":"binary-expr","locations":[{"start":{"line":92,"column":28},"end":{"line":92,"column":44}},{"start":{"line":92,"column":48},"end":{"line":92,"column":null}}]},"4":{"loc":{"start":{"line":104,"column":33},"end":{"line":104,"column":null}},"type":"binary-expr","locations":[{"start":{"line":104,"column":33},"end":{"line":104,"column":49}},{"start":{"line":104,"column":53},"end":{"line":104,"column":null}}]},"5":{"loc":{"start":{"line":137,"column":36},"end":{"line":137,"column":null}},"type":"binary-expr","locations":[{"start":{"line":137,"column":36},"end":{"line":137,"column":56}},{"start":{"line":137,"column":56},"end":{"line":137,"column":76}},{"start":{"line":137,"column":76},"end":{"line":137,"column":93}},{"start":{"line":137,"column":93},"end":{"line":137,"column":null}}]},"6":{"loc":{"start":{"line":144,"column":20},"end":{"line":146,"column":null}},"type":"if","locations":[{"start":{"line":144,"column":20},"end":{"line":146,"column":null}}]},"7":{"loc":{"start":{"line":151,"column":13},"end":{"line":151,"column":30}},"type":"binary-expr","locations":[{"start":{"line":151,"column":13},"end":{"line":151,"column":30}}]},"8":{"loc":{"start":{"line":152,"column":13},"end":{"line":152,"column":28}},"type":"binary-expr","locations":[{"start":{"line":152,"column":13},"end":{"line":152,"column":28}}]}},"s":{"0":0,"1":0,"2":0,"3":0,"4":0,"5":0,"6":0,"7":0,"8":0,"9":0,"10":0,"11":0,"12":0,"13":0,"14":0,"15":0,"16":0,"17":0,"18":0,"19":0,"20":0,"21":0,"22":0,"23":0,"24":0,"25":0,"26":0,"27":0,"28":0,"29":0,"30":0,"31":0,"32":0,"33":0,"34":0,"35":0,"36":0,"37":0,"38":0,"39":0,"40":0,"41":0,"42":0,"43":0},"f":{"0":0,"1":0,"2":0,"3":0,"4":0,"5":0,"6":0,"7":0,"8":0,"9":0,"10":0,"11":0},"b":{"0":[0],"1":[0],"2":[0,0],"3":[0,0],"4":[0,0],"5":[0,0,0,0],"6":[0],"7":[0],"8":[0]}}
,"/home/djh592/dev/se/nexio-frontend/src/components/chat/ChatAppBar.tsx": {"path":"/home/djh592/dev/se/nexio-frontend/src/components/chat/ChatAppBar.tsx","statementMap":{"0":{"start":{"line":7,"column":24},"end":{"line":7,"column":null}},"1":{"start":{"line":2,"column":37},"end":{"line":2,"column":null}},"2":{"start":{"line":3,"column":17},"end":{"line":3,"column":null}},"3":{"start":{"line":4,"column":18},"end":{"line":4,"column":null}},"4":{"start":{"line":5,"column":23},"end":{"line":5,"column":null}}},"fnMap":{"0":{"name":"ChatAppBar","decl":{"start":{"line":7,"column":24},"end":{"line":7,"column":null}},"loc":{"start":{"line":7,"column":24},"end":{"line":20,"column":null}}}},"branchMap":{},"s":{"0":0,"1":0,"2":0,"3":0,"4":0},"f":{"0":0},"b":{}}
,"/home/djh592/dev/se/nexio-frontend/src/components/chat/UserAvatar.tsx": {"path":"/home/djh592/dev/se/nexio-frontend/src/components/chat/UserAvatar.tsx","statementMap":{"0":{"start":{"line":182,"column":0},"end":{"line":182,"column":15}},"1":{"start":{"line":2,"column":18},"end":{"line":2,"column":null}},"2":{"start":{"line":3,"column":166},"end":{"line":3,"column":null}},"3":{"start":{"line":4,"column":26},"end":{"line":4,"column":null}},"4":{"start":{"line":5,"column":47},"end":{"line":5,"column":null}},"5":{"start":{"line":6,"column":34},"end":{"line":6,"column":null}},"6":{"start":{"line":7,"column":30},"end":{"line":7,"column":null}},"7":{"start":{"line":10,"column":19},"end":{"line":10,"column":null}},"8":{"start":{"line":11,"column":21},"end":{"line":11,"column":null}},"9":{"start":{"line":12,"column":18},"end":{"line":12,"column":null}},"10":{"start":{"line":12,"column":44},"end":{"line":12,"column":60}},"11":{"start":{"line":13,"column":17},"end":{"line":13,"column":null}},"12":{"start":{"line":13,"column":43},"end":{"line":13,"column":58}},"13":{"start":{"line":15,"column":44},"end":{"line":15,"column":null}},"14":{"start":{"line":16,"column":40},"end":{"line":16,"column":null}},"15":{"start":{"line":17,"column":60},"end":{"line":17,"column":null}},"16":{"start":{"line":18,"column":36},"end":{"line":18,"column":null}},"17":{"start":{"line":20,"column":31},"end":{"line":22,"column":null}},"18":{"start":{"line":21,"column":8},"end":{"line":21,"column":null}},"19":{"start":{"line":24,"column":32},"end":{"line":26,"column":null}},"20":{"start":{"line":25,"column":8},"end":{"line":25,"column":null}},"21":{"start":{"line":28,"column":25},"end":{"line":58,"column":null}},"22":{"start":{"line":29,"column":24},"end":{"line":29,"column":null}},"23":{"start":{"line":30,"column":8},"end":{"line":30,"column":null}},"24":{"start":{"line":32,"column":25},"end":{"line":38,"column":null}},"25":{"start":{"line":40,"column":21},"end":{"line":40,"column":null}},"26":{"start":{"line":41,"column":21},"end":{"line":41,"column":null}},"27":{"start":{"line":43,"column":8},"end":{"line":57,"column":null}},"28":{"start":{"line":44,"column":12},"end":{"line":44,"column":null}},"29":{"start":{"line":45,"column":12},"end":{"line":52,"column":null}},"30":{"start":{"line":53,"column":12},"end":{"line":53,"column":null}},"31":{"start":{"line":56,"column":12},"end":{"line":56,"column":null}},"32":{"start":{"line":60,"column":29},"end":{"line":91,"column":null}},"33":{"start":{"line":61,"column":24},"end":{"line":61,"column":null}},"34":{"start":{"line":62,"column":8},"end":{"line":62,"column":null}},"35":{"start":{"line":64,"column":25},"end":{"line":71,"column":null}},"36":{"start":{"line":73,"column":21},"end":{"line":73,"column":null}},"37":{"start":{"line":74,"column":21},"end":{"line":74,"column":null}},"38":{"start":{"line":76,"column":8},"end":{"line":90,"column":null}},"39":{"start":{"line":77,"column":12},"end":{"line":77,"column":null}},"40":{"start":{"line":78,"column":12},"end":{"line":85,"column":null}},"41":{"start":{"line":86,"column":12},"end":{"line":86,"column":null}},"42":{"start":{"line":89,"column":12},"end":{"line":89,"column":null}},"43":{"start":{"line":118,"column":24},"end":{"line":118,"column":null}},"44":{"start":{"line":119,"column":24},"end":{"line":119,"column":null}},"45":{"start":{"line":125,"column":20},"end":{"line":127,"column":null}},"46":{"start":{"line":126,"column":24},"end":{"line":126,"column":null}},"47":{"start":{"line":128,"column":20},"end":{"line":128,"column":null}},"48":{"start":{"line":133,"column":20},"end":{"line":133,"column":null}},"49":{"start":{"line":134,"column":20},"end":{"line":134,"column":null}},"50":{"start":{"line":139,"column":64},"end":{"line":139,"column":null}},"51":{"start":{"line":142,"column":31},"end":{"line":142,"column":null}},"52":{"start":{"line":160,"column":41},"end":{"line":160,"column":null}},"53":{"start":{"line":166,"column":43},"end":{"line":166,"column":75}},"54":{"start":{"line":169,"column":28},"end":{"line":171,"column":null}},"55":{"start":{"line":170,"column":32},"end":{"line":170,"column":null}},"56":{"start":{"line":172,"column":28},"end":{"line":172,"column":null}},"57":{"start":{"line":182,"column":15},"end":{"line":182,"column":null}}},"fnMap":{"0":{"name":"UserAvatar","decl":{"start":{"line":9,"column":9},"end":{"line":9,"column":null}},"loc":{"start":{"line":9,"column":9},"end":{"line":180,"column":null}}},"1":{"name":"(anonymous_3)","decl":{"start":{"line":12,"column":33},"end":{"line":12,"column":34}},"loc":{"start":{"line":12,"column":44},"end":{"line":12,"column":60}}},"2":{"name":"(anonymous_4)","decl":{"start":{"line":13,"column":32},"end":{"line":13,"column":33}},"loc":{"start":{"line":13,"column":43},"end":{"line":13,"column":58}}},"3":{"name":"(anonymous_5)","decl":{"start":{"line":20,"column":31},"end":{"line":20,"column":32}},"loc":{"start":{"line":20,"column":32},"end":{"line":22,"column":null}}},"4":{"name":"(anonymous_6)","decl":{"start":{"line":24,"column":32},"end":{"line":24,"column":null}},"loc":{"start":{"line":24,"column":32},"end":{"line":26,"column":null}}},"5":{"name":"(anonymous_7)","decl":{"start":{"line":28,"column":25},"end":{"line":28,"column":null}},"loc":{"start":{"line":28,"column":25},"end":{"line":58,"column":null}}},"6":{"name":"(anonymous_8)","decl":{"start":{"line":60,"column":29},"end":{"line":60,"column":null}},"loc":{"start":{"line":60,"column":29},"end":{"line":91,"column":null}}},"7":{"name":"(anonymous_9)","decl":{"start":{"line":117,"column":20},"end":{"line":117,"column":null}},"loc":{"start":{"line":117,"column":20},"end":{"line":120,"column":null}}},"8":{"name":"(anonymous_10)","decl":{"start":{"line":124,"column":48},"end":{"line":124,"column":null}},"loc":{"start":{"line":124,"column":48},"end":{"line":129,"column":null}}},"9":{"name":"(anonymous_11)","decl":{"start":{"line":125,"column":41},"end":{"line":125,"column":42}},"loc":{"start":{"line":125,"column":42},"end":{"line":127,"column":null}}},"10":{"name":"(anonymous_12)","decl":{"start":{"line":132,"column":52},"end":{"line":132,"column":null}},"loc":{"start":{"line":132,"column":52},"end":{"line":135,"column":null}}},"11":{"name":"(anonymous_13)","decl":{"start":{"line":139,"column":58},"end":{"line":139,"column":64}},"loc":{"start":{"line":139,"column":64},"end":{"line":139,"column":null}}},"12":{"name":"(anonymous_14)","decl":{"start":{"line":142,"column":25},"end":{"line":142,"column":31}},"loc":{"start":{"line":142,"column":31},"end":{"line":142,"column":null}}},"13":{"name":"(anonymous_15)","decl":{"start":{"line":160,"column":34},"end":{"line":160,"column":35}},"loc":{"start":{"line":160,"column":41},"end":{"line":160,"column":null}}},"14":{"name":"(anonymous_16)","decl":{"start":{"line":166,"column":37},"end":{"line":166,"column":43}},"loc":{"start":{"line":166,"column":43},"end":{"line":166,"column":75}}},"15":{"name":"(anonymous_17)","decl":{"start":{"line":168,"column":33},"end":{"line":168,"column":null}},"loc":{"start":{"line":168,"column":33},"end":{"line":173,"column":27}}},"16":{"name":"(anonymous_18)","decl":{"start":{"line":169,"column":53},"end":{"line":169,"column":54}},"loc":{"start":{"line":169,"column":54},"end":{"line":171,"column":null}}}},"branchMap":{"0":{"loc":{"start":{"line":43,"column":8},"end":{"line":57,"column":null}},"type":"if","locations":[{"start":{"line":43,"column":8},"end":{"line":57,"column":null}},{"start":{"line":55,"column":13},"end":{"line":57,"column":null}}]},"1":{"loc":{"start":{"line":76,"column":8},"end":{"line":90,"column":null}},"type":"if","locations":[{"start":{"line":76,"column":8},"end":{"line":90,"column":null}},{"start":{"line":88,"column":13},"end":{"line":90,"column":null}}]}},"s":{"0":0,"1":0,"2":0,"3":0,"4":0,"5":0,"6":0,"7":0,"8":0,"9":0,"10":0,"11":0,"12":0,"13":0,"14":0,"15":0,"16":0,"17":0,"18":0,"19":0,"20":0,"21":0,"22":0,"23":0,"24":0,"25":0,"26":0,"27":0,"28":0,"29":0,"30":0,"31":0,"32":0,"33":0,"34":0,"35":0,"36":0,"37":0,"38":0,"39":0,"40":0,"41":0,"42":0,"43":0,"44":0,"45":0,"46":0,"47":0,"48":0,"49":0,"50":0,"51":0,"52":0,"53":0,"54":0,"55":0,"56":0,"57":0},"f":{"0":0,"1":0,"2":0,"3":0,"4":0,"5":0,"6":0,"7":0,"8":0,"9":0,"10":0,"11":0,"12":0,"13":0,"14":0,"15":0,"16":0},"b":{"0":[0,0],"1":[0,0]}}
,"/home/djh592/dev/se/nexio-frontend/src/components/chat/UserProfileDrawer.tsx": {"path":"/home/djh592/dev/se/nexio-frontend/src/components/chat/UserProfileDrawer.tsx","statementMap":{"0":{"start":{"line":102,"column":0},"end":{"line":102,"column":15}},"1":{"start":{"line":1,"column":18},"end":{"line":1,"column":null}},"2":{"start":{"line":2,"column":79},"end":{"line":2,"column":null}},"3":{"start":{"line":3,"column":21},"end":{"line":3,"column":null}},"4":{"start":{"line":4,"column":47},"end":{"line":4,"column":null}},"5":{"start":{"line":5,"column":24},"end":{"line":5,"column":null}},"6":{"start":{"line":12,"column":60},"end":{"line":100,"column":null}},"7":{"start":{"line":13,"column":17},"end":{"line":13,"column":null}},"8":{"start":{"line":13,"column":43},"end":{"line":13,"column":58}},"9":{"start":{"line":14,"column":21},"end":{"line":14,"column":null}},"10":{"start":{"line":15,"column":40},"end":{"line":15,"column":null}},"11":{"start":{"line":16,"column":48},"end":{"line":21,"column":null}},"12":{"start":{"line":23,"column":25},"end":{"line":25,"column":null}},"13":{"start":{"line":23,"column":60},"end":{"line":25,"column":null}},"14":{"start":{"line":24,"column":8},"end":{"line":24,"column":null}},"15":{"start":{"line":27,"column":23},"end":{"line":29,"column":null}},"16":{"start":{"line":28,"column":8},"end":{"line":28,"column":null}},"17":{"start":{"line":31,"column":23},"end":{"line":35,"column":null}},"18":{"start":{"line":33,"column":8},"end":{"line":33,"column":null}},"19":{"start":{"line":34,"column":8},"end":{"line":34,"column":null}},"20":{"start":{"line":51,"column":47},"end":{"line":51,"column":null}},"21":{"start":{"line":64,"column":47},"end":{"line":64,"column":null}},"22":{"start":{"line":77,"column":47},"end":{"line":77,"column":null}},"23":{"start":{"line":90,"column":47},"end":{"line":90,"column":null}},"24":{"start":{"line":102,"column":15},"end":{"line":102,"column":null}}},"fnMap":{"0":{"name":"(anonymous_2)","decl":{"start":{"line":12,"column":60},"end":{"line":12,"column":61}},"loc":{"start":{"line":12,"column":78},"end":{"line":100,"column":null}}},"1":{"name":"(anonymous_3)","decl":{"start":{"line":13,"column":32},"end":{"line":13,"column":33}},"loc":{"start":{"line":13,"column":43},"end":{"line":13,"column":58}}},"2":{"name":"(anonymous_4)","decl":{"start":{"line":23,"column":25},"end":{"line":23,"column":26}},"loc":{"start":{"line":23,"column":60},"end":{"line":25,"column":null}}},"3":{"name":"(anonymous_5)","decl":{"start":{"line":23,"column":60},"end":{"line":23,"column":61}},"loc":{"start":{"line":23,"column":61},"end":{"line":25,"column":null}}},"4":{"name":"(anonymous_6)","decl":{"start":{"line":27,"column":23},"end":{"line":27,"column":24}},"loc":{"start":{"line":27,"column":24},"end":{"line":29,"column":null}}},"5":{"name":"(anonymous_7)","decl":{"start":{"line":31,"column":23},"end":{"line":31,"column":null}},"loc":{"start":{"line":31,"column":23},"end":{"line":35,"column":null}}},"6":{"name":"(anonymous_8)","decl":{"start":{"line":51,"column":41},"end":{"line":51,"column":47}},"loc":{"start":{"line":51,"column":47},"end":{"line":51,"column":null}}},"7":{"name":"(anonymous_9)","decl":{"start":{"line":64,"column":41},"end":{"line":64,"column":47}},"loc":{"start":{"line":64,"column":47},"end":{"line":64,"column":null}}},"8":{"name":"(anonymous_10)","decl":{"start":{"line":77,"column":41},"end":{"line":77,"column":47}},"loc":{"start":{"line":77,"column":47},"end":{"line":77,"column":null}}},"9":{"name":"(anonymous_11)","decl":{"start":{"line":90,"column":41},"end":{"line":90,"column":47}},"loc":{"start":{"line":90,"column":47},"end":{"line":90,"column":null}}}},"branchMap":{},"s":{"0":0,"1":0,"2":0,"3":0,"4":0,"5":0,"6":0,"7":0,"8":0,"9":0,"10":0,"11":0,"12":0,"13":0,"14":0,"15":0,"16":0,"17":0,"18":0,"19":0,"20":0,"21":0,"22":0,"23":0,"24":0},"f":{"0":0,"1":0,"2":0,"3":0,"4":0,"5":0,"6":0,"7":0,"8":0,"9":0},"b":{}}
,"/home/djh592/dev/se/nexio-frontend/src/lib/hooks.ts": {"path":"/home/djh592/dev/se/nexio-frontend/src/lib/hooks.ts","statementMap":{"0":{"start":{"line":5,"column":13},"end":{"line":5,"column":27}},"1":{"start":{"line":6,"column":13},"end":{"line":6,"column":27}},"2":{"start":{"line":7,"column":13},"end":{"line":7,"column":24}},"3":{"start":{"line":1,"column":51},"end":{"line":1,"column":null}},"4":{"start":{"line":5,"column":30},"end":{"line":5,"column":null}},"5":{"start":{"line":6,"column":30},"end":{"line":6,"column":null}},"6":{"start":{"line":7,"column":27},"end":{"line":7,"column":null}}},"fnMap":{},"branchMap":{},"s":{"0":0,"1":0,"2":0,"3":0,"4":0,"5":0,"6":0},"f":{},"b":{}}
,"/home/djh592/dev/se/nexio-frontend/src/lib/store.ts": {"path":"/home/djh592/dev/se/nexio-frontend/src/lib/store.ts","statementMap":{"0":{"start":{"line":5,"column":13},"end":{"line":5,"column":25}},"1":{"start":{"line":1,"column":31},"end":{"line":1,"column":null}},"2":{"start":{"line":3,"column":24},"end":{"line":3,"column":null}},"3":{"start":{"line":5,"column":25},"end":{"line":11,"column":null}},"4":{"start":{"line":6,"column":4},"end":{"line":10,"column":null}}},"fnMap":{"0":{"name":"(anonymous_2)","decl":{"start":{"line":5,"column":25},"end":{"line":5,"column":null}},"loc":{"start":{"line":5,"column":25},"end":{"line":11,"column":null}}}},"branchMap":{},"s":{"0":0,"1":0,"2":0,"3":0,"4":0},"f":{"0":0},"b":{}}
,"/home/djh592/dev/se/nexio-frontend/src/lib/features/auth/authSlice.ts": {"path":"/home/djh592/dev/se/nexio-frontend/src/lib/features/auth/authSlice.ts","statementMap":{"0":{"start":{"line":21,"column":13},"end":{"line":21,"column":22}},"1":{"start":{"line":61,"column":0},"end":{"line":61,"column":15}},"2":{"start":{"line":60,"column":107},"end":{"line":60,"column":116}},"3":{"start":{"line":60,"column":15},"end":{"line":60,"column":23}},"4":{"start":{"line":60,"column":25},"end":{"line":60,"column":32}},"5":{"start":{"line":60,"column":92},"end":{"line":60,"column":105}},"6":{"start":{"line":60,"column":64},"end":{"line":60,"column":76}},"7":{"start":{"line":60,"column":34},"end":{"line":60,"column":45}},"8":{"start":{"line":60,"column":47},"end":{"line":60,"column":62}},"9":{"start":{"line":60,"column":78},"end":{"line":60,"column":90}},"10":{"start":{"line":1,"column":43},"end":{"line":1,"column":null}},"11":{"start":{"line":9,"column":32},"end":{"line":19,"column":null}},"12":{"start":{"line":21,"column":25},"end":{"line":58,"column":null}},"13":{"start":{"line":26,"column":12},"end":{"line":26,"column":null}},"14":{"start":{"line":29,"column":12},"end":{"line":29,"column":null}},"15":{"start":{"line":32,"column":12},"end":{"line":32,"column":null}},"16":{"start":{"line":35,"column":12},"end":{"line":35,"column":null}},"17":{"start":{"line":38,"column":12},"end":{"line":38,"column":null}},"18":{"start":{"line":41,"column":12},"end":{"line":41,"column":null}},"19":{"start":{"line":44,"column":12},"end":{"line":44,"column":null}},"20":{"start":{"line":47,"column":12},"end":{"line":47,"column":null}},"21":{"start":{"line":48,"column":12},"end":{"line":55,"column":null}},"22":{"start":{"line":60,"column":121},"end":{"line":60,"column":138}},"23":{"start":{"line":61,"column":15},"end":{"line":61,"column":32}}},"fnMap":{"0":{"name":"(anonymous_11)","decl":{"start":{"line":25,"column":18},"end":{"line":25,"column":19}},"loc":{"start":{"line":25,"column":26},"end":{"line":27,"column":null}}},"1":{"name":"(anonymous_12)","decl":{"start":{"line":28,"column":17},"end":{"line":28,"column":18}},"loc":{"start":{"line":28,"column":25},"end":{"line":30,"column":null}}},"2":{"name":"(anonymous_13)","decl":{"start":{"line":31,"column":21},"end":{"line":31,"column":22}},"loc":{"start":{"line":31,"column":29},"end":{"line":33,"column":null}}},"3":{"name":"(anonymous_14)","decl":{"start":{"line":34,"column":25},"end":{"line":34,"column":26}},"loc":{"start":{"line":34,"column":33},"end":{"line":36,"column":null}}},"4":{"name":"(anonymous_15)","decl":{"start":{"line":37,"column":22},"end":{"line":37,"column":23}},"loc":{"start":{"line":37,"column":30},"end":{"line":39,"column":null}}},"5":{"name":"(anonymous_16)","decl":{"start":{"line":40,"column":22},"end":{"line":40,"column":23}},"loc":{"start":{"line":40,"column":30},"end":{"line":42,"column":null}}},"6":{"name":"(anonymous_17)","decl":{"start":{"line":43,"column":23},"end":{"line":43,"column":24}},"loc":{"start":{"line":43,"column":31},"end":{"line":45,"column":null}}},"7":{"name":"(anonymous_18)","decl":{"start":{"line":46,"column":19},"end":{"line":46,"column":20}},"loc":{"start":{"line":46,"column":20},"end":{"line":56,"column":null}}}},"branchMap":{},"s":{"0":0,"1":0,"2":0,"3":0,"4":0,"5":0,"6":0,"7":0,"8":0,"9":0,"10":0,"11":0,"12":0,"13":0,"14":0,"15":0,"16":0,"17":0,"18":0,"19":0,"20":0,"21":0,"22":0,"23":0},"f":{"0":0,"1":0,"2":0,"3":0,"4":0,"5":0,"6":0,"7":0},"b":{}}
}
